[debug] [2023-01-12T05:17:20.984Z] ----------------------------------------------------------------------
[debug] [2023-01-12T05:17:20.985Z] Command:       /usr/local/bin/node /usr/local/bin/firebase init
[debug] [2023-01-12T05:17:20.985Z] CLI Version:   11.20.0
[debug] [2023-01-12T05:17:20.985Z] Platform:      darwin
[debug] [2023-01-12T05:17:20.985Z] Node Version:  v18.13.0
[debug] [2023-01-12T05:17:20.986Z] Time:          Wed Jan 11 2023 23:17:20 GMT-0600 (Central Standard Time)
[debug] [2023-01-12T05:17:20.987Z] ----------------------------------------------------------------------
[debug] 
[debug] [2023-01-12T05:17:20.989Z] > command requires scopes: ["email","openid","https://www.googleapis.com/auth/cloudplatformprojects.readonly","https://www.googleapis.com/auth/firebase","https://www.googleapis.com/auth/cloud-platform"]
[debug] [2023-01-12T05:17:20.990Z] > authorizing via signed-in user (hieutrinh358@gmail.com)
[info] 
     ######## #### ########  ######## ########     ###     ######  ########
     ##        ##  ##     ## ##       ##     ##  ##   ##  ##       ##
     ######    ##  ########  ######   ########  #########  ######  ######
     ##        ##  ##    ##  ##       ##     ## ##     ##       ## ##
     ##       #### ##     ## ######## ########  ##     ##  ######  ########

You're about to initialize a Firebase project in this directory:

  /Users/hieutrinh/Desktop/Hacker News/React-Hacker-News

[info] 
=== Project Setup
[info] 
[info] First, let's associate this project directory with a Firebase project.
[info] You can create multiple project aliases by running firebase use --add, 
[info] but for now we'll just set up a default project.
[info] 
[debug] [2023-01-12T05:17:39.664Z] >>> [apiv2][query] GET https://firebase.googleapis.com/v1beta1/projects pageSize=100
[debug] [2023-01-12T05:17:40.034Z] <<< [apiv2][status] GET https://firebase.googleapis.com/v1beta1/projects 200
[debug] [2023-01-12T05:17:40.034Z] <<< [apiv2][body] GET https://firebase.googleapis.com/v1beta1/projects [omitted]
[debug] [2023-01-12T05:18:05.242Z] ----------------------------------------------------------------------
[debug] [2023-01-12T05:18:05.243Z] Command:       /usr/local/bin/node /usr/local/bin/firebase init
[debug] [2023-01-12T05:18:05.243Z] CLI Version:   11.20.0
[debug] [2023-01-12T05:18:05.243Z] Platform:      darwin
[debug] [2023-01-12T05:18:05.243Z] Node Version:  v18.13.0
[debug] [2023-01-12T05:18:05.244Z] Time:          Wed Jan 11 2023 23:18:05 GMT-0600 (Central Standard Time)
[debug] [2023-01-12T05:18:05.244Z] ----------------------------------------------------------------------
[debug] 
[debug] [2023-01-12T05:18:05.247Z] > command requires scopes: ["email","openid","https://www.googleapis.com/auth/cloudplatformprojects.readonly","https://www.googleapis.com/auth/firebase","https://www.googleapis.com/auth/cloud-platform"]
[debug] [2023-01-12T05:18:05.247Z] > authorizing via signed-in user (hieutrinh358@gmail.com)
[info] 
     ######## #### ########  ######## ########     ###     ######  ########
     ##        ##  ##     ## ##       ##     ##  ##   ##  ##       ##
     ######    ##  ########  ######   ########  #########  ######  ######
     ##        ##  ##    ##  ##       ##     ## ##     ##       ## ##
     ##       #### ##     ## ######## ########  ##     ##  ######  ########

You're about to initialize a Firebase project in this directory:

  /Users/hieutrinh/Desktop/Hacker News/React-Hacker-News

[info] 
=== Project Setup
[info] 
[info] First, let's associate this project directory with a Firebase project.
[info] You can create multiple project aliases by running firebase use --add, 
[info] but for now we'll just set up a default project.
[info] 
[info] i  If you want to create a project in a Google Cloud organization or folder, please use "firebase projects:create" instead, and return to this command when you've created the project. 
[debug] [2023-01-12T05:19:47.945Z] ----------------------------------------------------------------------
[debug] [2023-01-12T05:19:47.946Z] Command:       /usr/local/bin/node /usr/local/bin/firebase init
[debug] [2023-01-12T05:19:47.946Z] CLI Version:   11.20.0
[debug] [2023-01-12T05:19:47.946Z] Platform:      darwin
[debug] [2023-01-12T05:19:47.946Z] Node Version:  v18.13.0
[debug] [2023-01-12T05:19:47.947Z] Time:          Wed Jan 11 2023 23:19:47 GMT-0600 (Central Standard Time)
[debug] [2023-01-12T05:19:47.947Z] ----------------------------------------------------------------------
[debug] 
[debug] [2023-01-12T05:19:47.950Z] > command requires scopes: ["email","openid","https://www.googleapis.com/auth/cloudplatformprojects.readonly","https://www.googleapis.com/auth/firebase","https://www.googleapis.com/auth/cloud-platform"]
[debug] [2023-01-12T05:19:47.950Z] > authorizing via signed-in user (hieutrinh358@gmail.com)
[info] 
     ######## #### ########  ######## ########     ###     ######  ########
     ##        ##  ##     ## ##       ##     ##  ##   ##  ##       ##
     ######    ##  ########  ######   ########  #########  ######  ######
     ##        ##  ##    ##  ##       ##     ## ##     ##       ## ##
     ##       #### ##     ## ######## ########  ##     ##  ######  ########

You're about to initialize a Firebase project in this directory:

  /Users/hieutrinh/Desktop/Hacker News/React-Hacker-News

[info] 
=== Project Setup
[info] 
[info] First, let's associate this project directory with a Firebase project.
[info] You can create multiple project aliases by running firebase use --add, 
[info] but for now we'll just set up a default project.
[info] 
[debug] [2023-01-12T05:19:55.457Z] >>> [apiv2][query] GET https://firebase.googleapis.com/v1beta1/projects pageSize=100
[debug] [2023-01-12T05:19:56.026Z] <<< [apiv2][status] GET https://firebase.googleapis.com/v1beta1/projects 200
[debug] [2023-01-12T05:19:56.027Z] <<< [apiv2][body] GET https://firebase.googleapis.com/v1beta1/projects [omitted]
[info] i  Using project hacker-news-api-2cb35 (Hacker-News-API) 
[info] 
=== Hosting Setup
[info] 
[info] Your public directory is the folder (relative to your project directory) that
[info] will contain Hosting assets to be uploaded with firebase deploy. If you
[info] have a build process for your assets, use your build's output directory.
[info] 
